<?xml version="1.0" encoding="UTF-8"?>
<!-- Generated by org.testng.reporters.JUnitReportReporter -->
<testsuite skipped="0" hostname="DESKTOP-UJ9VE9H" name="testcases.TC_001" tests="1" failures="0" timestamp="14 Jan 2022 20:13:17 GMT" time="3.392" errors="0">
  <testcase name="testcase1" time="3.392" classname="testcases.TC_001"/>
</testsuite> <!-- testcases.TC_001 -->
